0 info it worked if it ends with ok
1 verbose cli [ '/usr/local/bin/node',
1 verbose cli   '/usr/local/bin/npm',
1 verbose cli   'install',
1 verbose cli   'require-index',
1 verbose cli   '--save-dev' ]
2 info using npm@1.3.5
3 info using node@v0.10.15
4 verbose readDependencies using package.json deps
5 verbose cache add [ 'require-index', null ]
6 verbose cache add name=undefined spec="require-index" args=["require-index",null]
7 verbose parsed url { protocol: null,
7 verbose parsed url   slashes: null,
7 verbose parsed url   auth: null,
7 verbose parsed url   host: null,
7 verbose parsed url   port: null,
7 verbose parsed url   hostname: null,
7 verbose parsed url   hash: null,
7 verbose parsed url   search: null,
7 verbose parsed url   query: null,
7 verbose parsed url   pathname: 'require-index',
7 verbose parsed url   path: 'require-index',
7 verbose parsed url   href: 'require-index' }
8 silly lockFile 21bfce0c-require-index require-index
9 verbose lock require-index /home/vagrant/.npm/21bfce0c-require-index.lock
10 silly lockFile 21bfce0c-require-index require-index
11 silly lockFile 21bfce0c-require-index require-index
12 verbose addNamed [ 'require-index', '' ]
13 verbose addNamed [ null, '*' ]
14 silly lockFile 0e7322dc-require-index require-index@
15 verbose lock require-index@ /home/vagrant/.npm/0e7322dc-require-index.lock
16 silly addNameRange { name: 'require-index', range: '*', hasData: false }
17 verbose url raw require-index
18 verbose url resolving [ 'https://registry.npmjs.org/', './require-index' ]
19 verbose url resolved https://registry.npmjs.org/require-index
20 info trying registry request attempt 1 at 13:04:45
21 http GET https://registry.npmjs.org/require-index
22 http 404 https://registry.npmjs.org/require-index
23 silly registry.get cb [ 404,
23 silly registry.get   { server: 'CouchDB/1.3.1 (Erlang OTP/R15B03)',
23 silly registry.get     date: 'Sat, 19 Oct 2013 13:04:51 GMT',
23 silly registry.get     'content-type': 'application/json',
23 silly registry.get     'content-length': '52',
23 silly registry.get     'cache-control': 'must-revalidate' } ]
24 silly lockFile 0e7322dc-require-index require-index@
25 silly lockFile 0e7322dc-require-index require-index@
26 error 404 'require-index' is not in the npm registry.
26 error 404 You should bug the author to publish it
26 error 404
26 error 404 Note that you can also install from a
26 error 404 tarball, folder, or http url, or git url.
27 error System Linux 3.2.0-23-generic-pae
28 error command "/usr/local/bin/node" "/usr/local/bin/npm" "install" "require-index" "--save-dev"
29 error cwd /workspace/development/projects/personal/vcs/git/grunt-feature-toggle
30 error node -v v0.10.15
31 error npm -v 1.3.5
32 error code E404
33 verbose exit [ 1, true ]
